# JRE version: Java(TM) SE Runtime Environment (8.0_121-b13) (build 1.8.0_121-b13)
# Java VM: Java HotSpot(TM) 64-Bit Server VM (25.121-b13 mixed mode windows-amd64 compressed oops)
Heap:
 PSYoungGen      total 167424K, used 67693K [0x00000000e0000000, 0x00000000ec580000, 0x0000000100000000)
  eden space 146944K, 39% used [0x00000000e0000000,0x00000000e392d378,0x00000000e8f80000)
  from space 20480K, 44% used [0x00000000e8f80000,0x00000000e986e440,0x00000000ea380000)
  to   space 19968K, 0% used [0x00000000eb200000,0x00000000eb200000,0x00000000ec580000)
 ParOldGen       total 108032K, used 40765K [0x00000000a0000000, 0x00000000a6980000, 0x00000000e0000000)
  object space 108032K, 37% used [0x00000000a0000000,0x00000000a27cf728,0x00000000a6980000)
 Metaspace       used 57713K, capacity 59924K, committed 60200K, reserved 1101824K
  class space    used 7919K, capacity 8395K, committed 8488K, reserved 1048576K
GC Heap History (10 events):
Event: 36.489 GC heap before
{Heap before GC invocations=12 (full 2):
 PSYoungGen      total 137728K, used 137084K [0x00000000e0000000, 0x00000000ea780000, 0x0000000100000000)
  eden space 126464K, 100% used [0x00000000e0000000,0x00000000e7b80000,0x00000000e7b80000)
  from space 11264K, 94% used [0x00000000e7b80000,0x00000000e85df3f0,0x00000000e8680000)
  to   space 12288K, 0% used [0x00000000e9b80000,0x00000000e9b80000,0x00000000ea780000)
 ParOldGen       total 108032K, used 15590K [0x00000000a0000000, 0x00000000a6980000, 0x00000000e0000000)
  object space 108032K, 14% used [0x00000000a0000000,0x00000000a0f399c8,0x00000000a6980000)
 Metaspace       used 49455K, capacity 50776K, committed 50984K, reserved 1093632K
  class space    used 6814K, capacity 7090K, committed 7208K, reserved 1048576K
Event: 36.574 GC heap after
Heap after GC invocations=12 (full 2):
 PSYoungGen      total 155136K, used 12288K [0x00000000e0000000, 0x00000000eaf00000, 0x0000000100000000)
  eden space 142848K, 0% used [0x00000000e0000000,0x00000000e0000000,0x00000000e8b80000)
  from space 12288K, 100% used [0x00000000e9b80000,0x00000000ea780000,0x00000000ea780000)
  to   space 16384K, 0% used [0x00000000e8b80000,0x00000000e8b80000,0x00000000e9b80000)
 ParOldGen       total 108032K, used 23315K [0x00000000a0000000, 0x00000000a6980000, 0x00000000e0000000)
  object space 108032K, 21% used [0x00000000a0000000,0x00000000a16c4f70,0x00000000a6980000)
 Metaspace       used 49455K, capacity 50776K, committed 50984K, reserved 1093632K
  class space    used 6814K, capacity 7090K, committed 7208K, reserved 1048576K
}
Event: 40.524 GC heap before
{Heap before GC invocations=13 (full 2):
 PSYoungGen      total 155136K, used 95410K [0x00000000e0000000, 0x00000000eaf00000, 0x0000000100000000)
  eden space 142848K, 58% used [0x00000000e0000000,0x00000000e512c8f8,0x00000000e8b80000)
  from space 12288K, 100% used [0x00000000e9b80000,0x00000000ea780000,0x00000000ea780000)
  to   space 16384K, 0% used [0x00000000e8b80000,0x00000000e8b80000,0x00000000e9b80000)
 ParOldGen       total 108032K, used 23315K [0x00000000a0000000, 0x00000000a6980000, 0x00000000e0000000)
  object space 108032K, 21% used [0x00000000a0000000,0x00000000a16c4f70,0x00000000a6980000)
 Metaspace       used 51980K, capacity 53868K, committed 54056K, reserved 1095680K
  class space    used 7262K, capacity 7671K, committed 7720K, reserved 1048576K
Event: 40.690 GC heap after
Heap after GC invocations=13 (full 2):
 PSYoungGen      total 159232K, used 16357K [0x00000000e0000000, 0x00000000eb800000, 0x0000000100000000)
  eden space 142848K, 0% used [0x00000000e0000000,0x00000000e0000000,0x00000000e8b80000)
  from space 16384K, 99% used [0x00000000e8b80000,0x00000000e9b794c8,0x00000000e9b80000)
  to   space 20992K, 0% used [0x00000000ea380000,0x00000000ea380000,0x00000000eb800000)
 ParOldGen       total 108032K, used 30630K [0x00000000a0000000, 0x00000000a6980000, 0x00000000e0000000)
  object space 108032K, 28% used [0x00000000a0000000,0x00000000a1de9900,0x00000000a6980000)
 Metaspace       used 51980K, capacity 53868K, committed 54056K, reserved 1095680K
  class space    used 7262K, capacity 7671K, committed 7720K, reserved 1048576K
}
Event: 40.691 GC heap before
{Heap before GC invocations=14 (full 3):
 PSYoungGen      total 159232K, used 16357K [0x00000000e0000000, 0x00000000eb800000, 0x0000000100000000)
  eden space 142848K, 0% used [0x00000000e0000000,0x00000000e0000000,0x00000000e8b80000)
  from space 16384K, 99% used [0x00000000e8b80000,0x00000000e9b794c8,0x00000000e9b80000)
  to   space 20992K, 0% used [0x00000000ea380000,0x00000000ea380000,0x00000000eb800000)
 ParOldGen       total 108032K, used 30630K [0x00000000a0000000, 0x00000000a6980000, 0x00000000e0000000)
  object space 108032K, 28% used [0x00000000a0000000,0x00000000a1de9900,0x00000000a6980000)
 Metaspace       used 51980K, capacity 53868K, committed 54056K, reserved 1095680K
  class space    used 7262K, capacity 7671K, committed 7720K, reserved 1048576K
Event: 41.606 GC heap after
Heap after GC invocations=14 (full 3):
 PSYoungGen      total 159232K, used 0K [0x00000000e0000000, 0x00000000eb800000, 0x0000000100000000)
  eden space 142848K, 0% used [0x00000000e0000000,0x00000000e0000000,0x00000000e8b80000)
  from space 16384K, 0% used [0x00000000e8b80000,0x00000000e8b80000,0x00000000e9b80000)
  to   space 20992K, 0% used [0x00000000ea380000,0x00000000ea380000,0x00000000eb800000)
 ParOldGen       total 108032K, used 40749K [0x00000000a0000000, 0x00000000a6980000, 0x00000000e0000000)
  object space 108032K, 37% used [0x00000000a0000000,0x00000000a27cb728,0x00000000a6980000)
 Metaspace       used 51980K, capacity 53868K, committed 54056K, reserved 1095680K
  class space    used 7262K, capacity 7671K, committed 7720K, reserved 1048576K
}
Event: 85.712 GC heap before
{Heap before GC invocations=15 (full 3):
 PSYoungGen      total 159232K, used 142848K [0x00000000e0000000, 0x00000000eb800000, 0x0000000100000000)
  eden space 142848K, 100% used [0x00000000e0000000,0x00000000e8b80000,0x00000000e8b80000)
  from space 16384K, 0% used [0x00000000e8b80000,0x00000000e8b80000,0x00000000e9b80000)
  to   space 20992K, 0% used [0x00000000ea380000,0x00000000ea380000,0x00000000eb800000)
 ParOldGen       total 108032K, used 40749K [0x00000000a0000000, 0x00000000a6980000, 0x00000000e0000000)
  object space 108032K, 37% used [0x00000000a0000000,0x00000000a27cb728,0x00000000a6980000)
 Metaspace       used 54736K, capacity 56788K, committed 57000K, reserved 1097728K
  class space    used 7566K, capacity 8005K, committed 8104K, reserved 1048576K
Event: 85.756 GC heap after
Heap after GC invocations=15 (full 3):
 PSYoungGen      total 167936K, used 7668K [0x00000000e0000000, 0x00000000ec580000, 0x0000000100000000)
  eden space 146944K, 0% used [0x00000000e0000000,0x00000000e0000000,0x00000000e8f80000)
  from space 20992K, 36% used [0x00000000ea380000,0x00000000eaafd1f0,0x00000000eb800000)
  to   space 20480K, 0% used [0x00000000e8f80000,0x00000000e8f80000,0x00000000ea380000)
 ParOldGen       total 108032K, used 40757K [0x00000000a0000000, 0x00000000a6980000, 0x00000000e0000000)
  object space 108032K, 37% used [0x00000000a0000000,0x00000000a27cd728,0x00000000a6980000)
 Metaspace       used 54736K, capacity 56788K, committed 57000K, reserved 1097728K
  class space    used 7566K, capacity 8005K, committed 8104K, reserved 1048576K
}
Event: 136.757 GC heap before
{Heap before GC invocations=16 (full 3):
 PSYoungGen      total 167936K, used 154612K [0x00000000e0000000, 0x00000000ec580000, 0x0000000100000000)
  eden space 146944K, 100% used [0x00000000e0000000,0x00000000e8f80000,0x00000000e8f80000)
  from space 20992K, 36% used [0x00000000ea380000,0x00000000eaafd1f0,0x00000000eb800000)
  to   space 20480K, 0% used [0x00000000e8f80000,0x00000000e8f80000,0x00000000ea380000)
 ParOldGen       total 108032K, used 40757K [0x00000000a0000000, 0x00000000a6980000, 0x00000000e0000000)
  object space 108032K, 37% used [0x00000000a0000000,0x00000000a27cd728,0x00000000a6980000)
 Metaspace       used 56570K, capacity 58746K, committed 59048K, reserved 1099776K
  class space    used 7775K, capacity 8260K, committed 8360K, reserved 1048576K
Event: 136.794 GC heap after
Heap after GC invocations=16 (full 3):
 PSYoungGen      total 167424K, used 9145K [0x00000000e0000000, 0x00000000ec580000, 0x0000000100000000)
  eden space 146944K, 0% used [0x00000000e0000000,0x00000000e0000000,0x00000000e8f80000)
  from space 20480K, 44% used [0x00000000e8f80000,0x00000000e986e440,0x00000000ea380000)
  to   space 19968K, 0% used [0x00000000eb200000,0x00000000eb200000,0x00000000ec580000)
 ParOldGen       total 108032K, used 40765K [0x00000000a0000000, 0x00000000a6980000, 0x00000000e0000000)
  object space 108032K, 37% used [0x00000000a0000000,0x00000000a27cf728,0x00000000a6980000)
 Metaspace       used 56570K, capacity 58746K, committed 59048K, reserved 1099776K
  class space    used 7775K, capacity 8260K, committed 8360K, reserved 1048576K
}

