# JRE version: Java(TM) SE Runtime Environment (8.0_121-b13) (build 1.8.0_121-b13)
# Java VM: Java HotSpot(TM) 64-Bit Server VM (25.121-b13 mixed mode windows-amd64 compressed oops)
Heap:
 PSYoungGen      total 155136K, used 125804K [0x00000000e0000000, 0x00000000ece80000, 0x0000000100000000)
  eden space 143872K, 79% used [0x00000000e0000000,0x00000000e6fdd968,0x00000000e8c80000)
  from space 11264K, 99% used [0x00000000e8c80000,0x00000000e977d858,0x00000000e9780000)
  to   space 12800K, 0% used [0x00000000ec200000,0x00000000ec200000,0x00000000ece80000)
 ParOldGen       total 94208K, used 16509K [0x00000000a0000000, 0x00000000a5c00000, 0x00000000e0000000)
  object space 94208K, 17% used [0x00000000a0000000,0x00000000a101f4b8,0x00000000a5c00000)
 Metaspace       used 49565K, capacity 50880K, committed 51240K, reserved 1093632K
  class space    used 6826K, capacity 7122K, committed 7208K, reserved 1048576K
GC Heap History (10 events):
Event: 19.435 GC heap before
{Heap before GC invocations=7 (full 1):
 PSYoungGen      total 67072K, used 67058K [0x00000000e0000000, 0x00000000e7280000, 0x0000000100000000)
  eden space 61952K, 100% used [0x00000000e0000000,0x00000000e3c80000,0x00000000e3c80000)
  from space 5120K, 99% used [0x00000000e3c80000,0x00000000e417cbd8,0x00000000e4180000)
  to   space 10240K, 0% used [0x00000000e6880000,0x00000000e6880000,0x00000000e7280000)
 ParOldGen       total 64000K, used 11006K [0x00000000a0000000, 0x00000000a3e80000, 0x00000000e0000000)
  object space 64000K, 17% used [0x00000000a0000000,0x00000000a0abf888,0x00000000a3e80000)
 Metaspace       used 28335K, capacity 28920K, committed 29312K, reserved 1075200K
  class space    used 3972K, capacity 4130K, committed 4224K, reserved 1048576K
Event: 19.473 GC heap after
Heap after GC invocations=7 (full 1):
 PSYoungGen      total 105984K, used 5933K [0x00000000e0000000, 0x00000000e7200000, 0x0000000100000000)
  eden space 96256K, 0% used [0x00000000e0000000,0x00000000e0000000,0x00000000e5e00000)
  from space 9728K, 60% used [0x00000000e6880000,0x00000000e6e4b548,0x00000000e7200000)
  to   space 10240K, 0% used [0x00000000e5e00000,0x00000000e5e00000,0x00000000e6800000)
 ParOldGen       total 64000K, used 11014K [0x00000000a0000000, 0x00000000a3e80000, 0x00000000e0000000)
  object space 64000K, 17% used [0x00000000a0000000,0x00000000a0ac1888,0x00000000a3e80000)
 Metaspace       used 28335K, capacity 28920K, committed 29312K, reserved 1075200K
  class space    used 3972K, capacity 4130K, committed 4224K, reserved 1048576K
}
Event: 30.014 GC heap before
{Heap before GC invocations=8 (full 1):
 PSYoungGen      total 105984K, used 102189K [0x00000000e0000000, 0x00000000e7200000, 0x0000000100000000)
  eden space 96256K, 100% used [0x00000000e0000000,0x00000000e5e00000,0x00000000e5e00000)
  from space 9728K, 60% used [0x00000000e6880000,0x00000000e6e4b548,0x00000000e7200000)
  to   space 10240K, 0% used [0x00000000e5e00000,0x00000000e5e00000,0x00000000e6800000)
 ParOldGen       total 64000K, used 11014K [0x00000000a0000000, 0x00000000a3e80000, 0x00000000e0000000)
  object space 64000K, 17% used [0x00000000a0000000,0x00000000a0ac1888,0x00000000a3e80000)
 Metaspace       used 33046K, capacity 33772K, committed 34048K, reserved 1079296K
  class space    used 4563K, capacity 4775K, committed 4864K, reserved 1048576K
Event: 30.047 GC heap after
Heap after GC invocations=8 (full 1):
 PSYoungGen      total 106496K, used 10078K [0x00000000e0000000, 0x00000000ea280000, 0x0000000100000000)
  eden space 96256K, 0% used [0x00000000e0000000,0x00000000e0000000,0x00000000e5e00000)
  from space 10240K, 98% used [0x00000000e5e00000,0x00000000e67d78d8,0x00000000e6800000)
  to   space 11264K, 0% used [0x00000000e9780000,0x00000000e9780000,0x00000000ea280000)
 ParOldGen       total 64000K, used 11022K [0x00000000a0000000, 0x00000000a3e80000, 0x00000000e0000000)
  object space 64000K, 17% used [0x00000000a0000000,0x00000000a0ac3888,0x00000000a3e80000)
 Metaspace       used 33046K, capacity 33772K, committed 34048K, reserved 1079296K
  class space    used 4563K, capacity 4775K, committed 4864K, reserved 1048576K
}
Event: 30.547 GC heap before
{Heap before GC invocations=9 (full 1):
 PSYoungGen      total 106496K, used 28130K [0x00000000e0000000, 0x00000000ea280000, 0x0000000100000000)
  eden space 96256K, 18% used [0x00000000e0000000,0x00000000e11a1078,0x00000000e5e00000)
  from space 10240K, 98% used [0x00000000e5e00000,0x00000000e67d78d8,0x00000000e6800000)
  to   space 11264K, 0% used [0x00000000e9780000,0x00000000e9780000,0x00000000ea280000)
 ParOldGen       total 64000K, used 11022K [0x00000000a0000000, 0x00000000a3e80000, 0x00000000e0000000)
  object space 64000K, 17% used [0x00000000a0000000,0x00000000a0ac3888,0x00000000a3e80000)
 Metaspace       used 34602K, capacity 35312K, committed 35496K, reserved 1079296K
  class space    used 4772K, capacity 5005K, committed 5032K, reserved 1048576K
Event: 30.563 GC heap after
Heap after GC invocations=9 (full 1):
 PSYoungGen      total 155136K, used 8114K [0x00000000e0000000, 0x00000000eab00000, 0x0000000100000000)
  eden space 143872K, 0% used [0x00000000e0000000,0x00000000e0000000,0x00000000e8c80000)
  from space 11264K, 72% used [0x00000000e9780000,0x00000000e9f6cb78,0x00000000ea280000)
  to   space 11264K, 0% used [0x00000000e8c80000,0x00000000e8c80000,0x00000000e9780000)
 ParOldGen       total 64000K, used 11102K [0x00000000a0000000, 0x00000000a3e80000, 0x00000000e0000000)
  object space 64000K, 17% used [0x00000000a0000000,0x00000000a0ad78b0,0x00000000a3e80000)
 Metaspace       used 34602K, capacity 35312K, committed 35496K, reserved 1079296K
  class space    used 4772K, capacity 5005K, committed 5032K, reserved 1048576K
}
Event: 30.563 GC heap before
{Heap before GC invocations=10 (full 2):
 PSYoungGen      total 155136K, used 8114K [0x00000000e0000000, 0x00000000eab00000, 0x0000000100000000)
  eden space 143872K, 0% used [0x00000000e0000000,0x00000000e0000000,0x00000000e8c80000)
  from space 11264K, 72% used [0x00000000e9780000,0x00000000e9f6cb78,0x00000000ea280000)
  to   space 11264K, 0% used [0x00000000e8c80000,0x00000000e8c80000,0x00000000e9780000)
 ParOldGen       total 64000K, used 11102K [0x00000000a0000000, 0x00000000a3e80000, 0x00000000e0000000)
  object space 64000K, 17% used [0x00000000a0000000,0x00000000a0ad78b0,0x00000000a3e80000)
 Metaspace       used 34602K, capacity 35312K, committed 35496K, reserved 1079296K
  class space    used 4772K, capacity 5005K, committed 5032K, reserved 1048576K
Event: 30.836 GC heap after
Heap after GC invocations=10 (full 2):
 PSYoungGen      total 155136K, used 0K [0x00000000e0000000, 0x00000000eab00000, 0x0000000100000000)
  eden space 143872K, 0% used [0x00000000e0000000,0x00000000e0000000,0x00000000e8c80000)
  from space 11264K, 0% used [0x00000000e9780000,0x00000000e9780000,0x00000000ea280000)
  to   space 11264K, 0% used [0x00000000e8c80000,0x00000000e8c80000,0x00000000e9780000)
 ParOldGen       total 94208K, used 15646K [0x00000000a0000000, 0x00000000a5c00000, 0x00000000e0000000)
  object space 94208K, 16% used [0x00000000a0000000,0x00000000a0f47a38,0x00000000a5c00000)
 Metaspace       used 34602K, capacity 35312K, committed 35496K, reserved 1079296K
  class space    used 4772K, capacity 5005K, committed 5032K, reserved 1048576K
}
Event: 44.252 GC heap before
{Heap before GC invocations=11 (full 2):
 PSYoungGen      total 155136K, used 143872K [0x00000000e0000000, 0x00000000eab00000, 0x0000000100000000)
  eden space 143872K, 100% used [0x00000000e0000000,0x00000000e8c80000,0x00000000e8c80000)
  from space 11264K, 0% used [0x00000000e9780000,0x00000000e9780000,0x00000000ea280000)
  to   space 11264K, 0% used [0x00000000e8c80000,0x00000000e8c80000,0x00000000e9780000)
 ParOldGen       total 94208K, used 15646K [0x00000000a0000000, 0x00000000a5c00000, 0x00000000e0000000)
  object space 94208K, 16% used [0x00000000a0000000,0x00000000a0f47a38,0x00000000a5c00000)
 Metaspace       used 43685K, capacity 44620K, committed 44840K, reserved 1087488K
  class space    used 5973K, capacity 6184K, committed 6184K, reserved 1048576K
Event: 44.312 GC heap after
Heap after GC invocations=11 (full 2):
 PSYoungGen      total 155136K, used 11254K [0x00000000e0000000, 0x00000000ece80000, 0x0000000100000000)
  eden space 143872K, 0% used [0x00000000e0000000,0x00000000e0000000,0x00000000e8c80000)
  from space 11264K, 99% used [0x00000000e8c80000,0x00000000e977d858,0x00000000e9780000)
  to   space 12800K, 0% used [0x00000000ec200000,0x00000000ec200000,0x00000000ece80000)
 ParOldGen       total 94208K, used 16509K [0x00000000a0000000, 0x00000000a5c00000, 0x00000000e0000000)
  object space 94208K, 17% used [0x00000000a0000000,0x00000000a101f4b8,0x00000000a5c00000)
 Metaspace       used 43685K, capacity 44620K, committed 44840K, reserved 1087488K
  class space    used 5973K, capacity 6184K, committed 6184K, reserved 1048576K
}

