# JRE version: Java(TM) SE Runtime Environment (8.0_121-b13) (build 1.8.0_121-b13)
# Java VM: Java HotSpot(TM) 64-Bit Server VM (25.121-b13 mixed mode windows-amd64 compressed oops)
Heap:
 PSYoungGen      total 86016K, used 47233K [0x00000000e0000000, 0x00000000e5d80000, 0x0000000100000000)
  eden space 76288K, 49% used [0x00000000e0000000,0x00000000e24a6e18,0x00000000e4a80000)
  from space 9728K, 99% used [0x00000000e4a80000,0x00000000e53f9600,0x00000000e5400000)
  to   space 8704K, 0% used [0x00000000e5500000,0x00000000e5500000,0x00000000e5d80000)
 ParOldGen       total 62976K, used 20484K [0x00000000a0000000, 0x00000000a3d80000, 0x00000000e0000000)
  object space 62976K, 32% used [0x00000000a0000000,0x00000000a1401110,0x00000000a3d80000)
 Metaspace       used 45980K, capacity 47108K, committed 47360K, reserved 1089536K
  class space    used 6334K, capacity 6588K, committed 6656K, reserved 1048576K
GC Heap History (10 events):
Event: 18.224 GC heap before
{Heap before GC invocations=9 (full 1):
 PSYoungGen      total 61440K, used 56696K [0x00000000e0000000, 0x00000000e5e80000, 0x0000000100000000)
  eden space 51200K, 100% used [0x00000000e0000000,0x00000000e3200000,0x00000000e3200000)
  from space 10240K, 53% used [0x00000000e3200000,0x00000000e375e280,0x00000000e3c00000)
  to   space 9728K, 0% used [0x00000000e5500000,0x00000000e5500000,0x00000000e5e80000)
 ParOldGen       total 62976K, used 8683K [0x00000000a0000000, 0x00000000a3d80000, 0x00000000e0000000)
  object space 62976K, 13% used [0x00000000a0000000,0x00000000a087ad00,0x00000000a3d80000)
 Metaspace       used 29333K, capacity 30002K, committed 30208K, reserved 1075200K
  class space    used 4081K, capacity 4244K, committed 4352K, reserved 1048576K
Event: 18.239 GC heap after
Heap after GC invocations=9 (full 1):
 PSYoungGen      total 84992K, used 5533K [0x00000000e0000000, 0x00000000e5d80000, 0x0000000100000000)
  eden space 76288K, 0% used [0x00000000e0000000,0x00000000e0000000,0x00000000e4a80000)
  from space 8704K, 63% used [0x00000000e5500000,0x00000000e5a67588,0x00000000e5d80000)
  to   space 9728K, 0% used [0x00000000e4a80000,0x00000000e4a80000,0x00000000e5400000)
 ParOldGen       total 62976K, used 8691K [0x00000000a0000000, 0x00000000a3d80000, 0x00000000e0000000)
  object space 62976K, 13% used [0x00000000a0000000,0x00000000a087cd00,0x00000000a3d80000)
 Metaspace       used 29333K, capacity 30002K, committed 30208K, reserved 1075200K
  class space    used 4081K, capacity 4244K, committed 4352K, reserved 1048576K
}
Event: 20.126 GC heap before
{Heap before GC invocations=10 (full 1):
 PSYoungGen      total 84992K, used 75392K [0x00000000e0000000, 0x00000000e5d80000, 0x0000000100000000)
  eden space 76288K, 91% used [0x00000000e0000000,0x00000000e4438e60,0x00000000e4a80000)
  from space 8704K, 63% used [0x00000000e5500000,0x00000000e5a67588,0x00000000e5d80000)
  to   space 9728K, 0% used [0x00000000e4a80000,0x00000000e4a80000,0x00000000e5400000)
 ParOldGen       total 62976K, used 8691K [0x00000000a0000000, 0x00000000a3d80000, 0x00000000e0000000)
  object space 62976K, 13% used [0x00000000a0000000,0x00000000a087cd00,0x00000000a3d80000)
 Metaspace       used 34566K, capacity 35232K, committed 35456K, reserved 1079296K
  class space    used 4749K, capacity 4941K, committed 4992K, reserved 1048576K
Event: 20.165 GC heap after
Heap after GC invocations=10 (full 1):
 PSYoungGen      total 86016K, used 9711K [0x00000000e0000000, 0x00000000e5d80000, 0x0000000100000000)
  eden space 76288K, 0% used [0x00000000e0000000,0x00000000e0000000,0x00000000e4a80000)
  from space 9728K, 99% used [0x00000000e4a80000,0x00000000e53fbd70,0x00000000e5400000)
  to   space 8704K, 0% used [0x00000000e5500000,0x00000000e5500000,0x00000000e5d80000)
 ParOldGen       total 62976K, used 9993K [0x00000000a0000000, 0x00000000a3d80000, 0x00000000e0000000)
  object space 62976K, 15% used [0x00000000a0000000,0x00000000a09c2798,0x00000000a3d80000)
 Metaspace       used 34566K, capacity 35232K, committed 35456K, reserved 1079296K
  class space    used 4749K, capacity 4941K, committed 4992K, reserved 1048576K
}
Event: 20.165 GC heap before
{Heap before GC invocations=11 (full 2):
 PSYoungGen      total 86016K, used 9711K [0x00000000e0000000, 0x00000000e5d80000, 0x0000000100000000)
  eden space 76288K, 0% used [0x00000000e0000000,0x00000000e0000000,0x00000000e4a80000)
  from space 9728K, 99% used [0x00000000e4a80000,0x00000000e53fbd70,0x00000000e5400000)
  to   space 8704K, 0% used [0x00000000e5500000,0x00000000e5500000,0x00000000e5d80000)
 ParOldGen       total 62976K, used 9993K [0x00000000a0000000, 0x00000000a3d80000, 0x00000000e0000000)
  object space 62976K, 15% used [0x00000000a0000000,0x00000000a09c2798,0x00000000a3d80000)
 Metaspace       used 34566K, capacity 35232K, committed 35456K, reserved 1079296K
  class space    used 4749K, capacity 4941K, committed 4992K, reserved 1048576K
Event: 20.298 GC heap after
Heap after GC invocations=11 (full 2):
 PSYoungGen      total 86016K, used 0K [0x00000000e0000000, 0x00000000e5d80000, 0x0000000100000000)
  eden space 76288K, 0% used [0x00000000e0000000,0x00000000e0000000,0x00000000e4a80000)
  from space 9728K, 0% used [0x00000000e4a80000,0x00000000e4a80000,0x00000000e5400000)
  to   space 8704K, 0% used [0x00000000e5500000,0x00000000e5500000,0x00000000e5d80000)
 ParOldGen       total 62976K, used 18330K [0x00000000a0000000, 0x00000000a3d80000, 0x00000000e0000000)
  object space 62976K, 29% used [0x00000000a0000000,0x00000000a11e6a30,0x00000000a3d80000)
 Metaspace       used 34566K, capacity 35232K, committed 35456K, reserved 1079296K
  class space    used 4749K, capacity 4941K, committed 4992K, reserved 1048576K
}
Event: 23.199 GC heap before
{Heap before GC invocations=12 (full 2):
 PSYoungGen      total 86016K, used 76288K [0x00000000e0000000, 0x00000000e5d80000, 0x0000000100000000)
  eden space 76288K, 100% used [0x00000000e0000000,0x00000000e4a80000,0x00000000e4a80000)
  from space 9728K, 0% used [0x00000000e4a80000,0x00000000e4a80000,0x00000000e5400000)
  to   space 8704K, 0% used [0x00000000e5500000,0x00000000e5500000,0x00000000e5d80000)
 ParOldGen       total 62976K, used 18330K [0x00000000a0000000, 0x00000000a3d80000, 0x00000000e0000000)
  object space 62976K, 29% used [0x00000000a0000000,0x00000000a11e6a30,0x00000000a3d80000)
 Metaspace       used 41707K, capacity 42536K, committed 42880K, reserved 1085440K
  class space    used 5718K, capacity 5918K, committed 6016K, reserved 1048576K
Event: 23.232 GC heap after
Heap after GC invocations=12 (full 2):
 PSYoungGen      total 84992K, used 7941K [0x00000000e0000000, 0x00000000e5d80000, 0x0000000100000000)
  eden space 76288K, 0% used [0x00000000e0000000,0x00000000e0000000,0x00000000e4a80000)
  from space 8704K, 91% used [0x00000000e5500000,0x00000000e5cc1738,0x00000000e5d80000)
  to   space 9728K, 0% used [0x00000000e4a80000,0x00000000e4a80000,0x00000000e5400000)
 ParOldGen       total 62976K, used 18402K [0x00000000a0000000, 0x00000000a3d80000, 0x00000000e0000000)
  object space 62976K, 29% used [0x00000000a0000000,0x00000000a11f8a40,0x00000000a3d80000)
 Metaspace       used 41707K, capacity 42536K, committed 42880K, reserved 1085440K
  class space    used 5718K, capacity 5918K, committed 6016K, reserved 1048576K
}
Event: 27.885 GC heap before
{Heap before GC invocations=13 (full 2):
 PSYoungGen      total 84992K, used 84229K [0x00000000e0000000, 0x00000000e5d80000, 0x0000000100000000)
  eden space 76288K, 100% used [0x00000000e0000000,0x00000000e4a80000,0x00000000e4a80000)
  from space 8704K, 91% used [0x00000000e5500000,0x00000000e5cc1738,0x00000000e5d80000)
  to   space 9728K, 0% used [0x00000000e4a80000,0x00000000e4a80000,0x00000000e5400000)
 ParOldGen       total 62976K, used 18402K [0x00000000a0000000, 0x00000000a3d80000, 0x00000000e0000000)
  object space 62976K, 29% used [0x00000000a0000000,0x00000000a11f8a40,0x00000000a3d80000)
 Metaspace       used 44482K, capacity 45518K, committed 45824K, reserved 1089536K
  class space    used 6092K, capacity 6317K, committed 6400K, reserved 1048576K
Event: 27.919 GC heap after
Heap after GC invocations=13 (full 2):
 PSYoungGen      total 86016K, used 9701K [0x00000000e0000000, 0x00000000e5d80000, 0x0000000100000000)
  eden space 76288K, 0% used [0x00000000e0000000,0x00000000e0000000,0x00000000e4a80000)
  from space 9728K, 99% used [0x00000000e4a80000,0x00000000e53f9600,0x00000000e5400000)
  to   space 8704K, 0% used [0x00000000e5500000,0x00000000e5500000,0x00000000e5d80000)
 ParOldGen       total 62976K, used 20484K [0x00000000a0000000, 0x00000000a3d80000, 0x00000000e0000000)
  object space 62976K, 32% used [0x00000000a0000000,0x00000000a1401110,0x00000000a3d80000)
 Metaspace       used 44482K, capacity 45518K, committed 45824K, reserved 1089536K
  class space    used 6092K, capacity 6317K, committed 6400K, reserved 1048576K
}

